<?xml version="1.0" encoding="UTF-8"?>
<!-- Generated by org.testng.reporters.JUnitXMLReporter -->
<testsuite hostname="DESKTOP-2FB6SU0" ignored="0" name="Test Framework" tests="18" failures="3" timestamp="2021-03-01T22:49:35 COT" time="50.881" errors="0">
  <testcase name="cambiarClave" time="3.068" classname="com.numeral16to19.test.TestForgotPassword">
    <failure type="java.lang.AssertionError" message="expected [true] but found [false]">
      <![CDATA[java.lang.AssertionError: expected [true] but found [false]
at com.numeral16to19.test.TestForgotPassword.cambiarClave(TestForgotPassword.java:33)
at java.util.ArrayList.forEach(ArrayList.java:1257)
... Removed 31 stack frames]]>
    </failure>
  </testcase> <!-- cambiarClave -->
  <testcase name="desistirCambioClave" time="1.119" classname="com.numeral16to19.test.TestForgotPassword"/>
  <testcase name="validarDashBoard" time="4.328" classname="com.numeral16to19.test.TestHome"/>
  <testcase name="accederMarketPlace" time="3.891" classname="com.numeral16to19.test.TestHome"/>
  <testcase name="irASuscribe" time="2.438" classname="com.numeral16to19.test.TestHome"/>
  <testcase name="irAHelp" time="0.684" classname="com.numeral16to19.test.TestHome"/>
  <testcase name="verNotificaciones" time="2.169" classname="com.numeral16to19.test.TestHome"/>
  <testcase name="verInformacionApp" time="4.341" classname="com.numeral16to19.test.TestHome"/>
  <testcase name="salirApp" time="2.603" classname="com.numeral16to19.test.TestHome"/>
  <testcase name="visitarMarketPlace" time="4.32" classname="com.numeral16to19.test.TestMarketPlace"/>
  <testcase name="verDetalleLdap" time="2.178" classname="com.numeral16to19.test.TestMarketPlace"/>
  <testcase name="verDetalleIntegration" time="2.166" classname="com.numeral16to19.test.TestMarketPlace"/>
  <testcase name="verDetalleCorporate" time="2.162" classname="com.numeral16to19.test.TestMarketPlace"/>
  <testcase name="verDetalleClaim" time="2.173" classname="com.numeral16to19.test.TestMarketPlace"/>
  <testcase name="confirmarCompraLdap" time="2.592" classname="com.numeral16to19.test.TestMarketPlace"/>
  <testcase name="confirmarCompraCorporate" time="1.15" classname="com.numeral16to19.test.TestMarketPlace">
    <failure type="org.openqa.selenium.ElementClickInterceptedException" message="element click intercepted: Element &amp;lt;input id=&amp;quot;MP_link&amp;quot; type=&amp;quot;button&amp;quot; class=&amp;quot;button current&amp;quot; value=&amp;quot;Marketplace&amp;quot;&amp;gt; is not clickable at point (1122, 16). Other element would receive the click: &amp;lt;div id=&amp;quot;mp_btn_inner&amp;quot;&amp;gt;...&amp;lt;/div&amp;gt;
  (Session info: chrome=88.0.4324.190)
Build info: version: &amp;apos;3.141.59&amp;apos;, revision: &amp;apos;e82be7d358&amp;apos;, time: &amp;apos;2018-11-14T08:17:03&amp;apos;
System info: host: &amp;apos;DESKTOP-2FB6SU0&amp;apos;, ip: &amp;apos;192.168.102.34&amp;apos;, os.name: &amp;apos;Windows 10&amp;apos;, os.arch: &amp;apos;amd64&amp;apos;, os.version: &amp;apos;10.0&amp;apos;, java.version: &amp;apos;1.8.0_181&amp;apos;
Driver info: org.openqa.selenium.chrome.ChromeDriver
Capabilities {acceptInsecureCerts: false, browserName: chrome, browserVersion: 88.0.4324.190, chrome: {chromedriverVersion: 88.0.4324.96 (68dba2d8a0b14..., userDataDir: C:\Users\maria\AppData\Loca...}, goog:chromeOptions: {debuggerAddress: localhost:59270}, javascriptEnabled: true, networkConnectionEnabled: false, pageLoadStrategy: normal, platform: WINDOWS, platformName: WINDOWS, proxy: Proxy(), setWindowRect: true, strictFileInteractability: false, timeouts: {implicit: 0, pageLoad: 300000, script: 30000}, unhandledPromptBehavior: dismiss and notify, webauthn:extension:largeBlob: true, webauthn:virtualAuthenticators: true}
Session ID: c063c964474e56a57eb03a8348da3aec">
      <![CDATA[org.openqa.selenium.ElementClickInterceptedException: element click intercepted: Element <input id="MP_link" type="button" class="button current" value="Marketplace"> is not clickable at point (1122, 16). Other element would receive the click: <div id="mp_btn_inner">...</div>
  (Session info: chrome=88.0.4324.190)
Build info: version: '3.141.59', revision: 'e82be7d358', time: '2018-11-14T08:17:03'
System info: host: 'DESKTOP-2FB6SU0', ip: '192.168.102.34', os.name: 'Windows 10', os.arch: 'amd64', os.version: '10.0', java.version: '1.8.0_181'
Driver info: org.openqa.selenium.chrome.ChromeDriver
Capabilities {acceptInsecureCerts: false, browserName: chrome, browserVersion: 88.0.4324.190, chrome: {chromedriverVersion: 88.0.4324.96 (68dba2d8a0b14..., userDataDir: C:\Users\maria\AppData\Loca...}, goog:chromeOptions: {debuggerAddress: localhost:59270}, javascriptEnabled: true, networkConnectionEnabled: false, pageLoadStrategy: normal, platform: WINDOWS, platformName: WINDOWS, proxy: Proxy(), setWindowRect: true, strictFileInteractability: false, timeouts: {implicit: 0, pageLoad: 300000, script: 30000}, unhandledPromptBehavior: dismiss and notify, webauthn:extension:largeBlob: true, webauthn:virtualAuthenticators: true}
Session ID: c063c964474e56a57eb03a8348da3aec
at org.openqa.selenium.remote.http.W3CHttpResponseCodec.createException(W3CHttpResponseCodec.java:187)
at org.openqa.selenium.remote.http.W3CHttpResponseCodec.decode(W3CHttpResponseCodec.java:122)
at org.openqa.selenium.remote.http.W3CHttpResponseCodec.decode(W3CHttpResponseCodec.java:49)
at org.openqa.selenium.remote.HttpCommandExecutor.execute(HttpCommandExecutor.java:158)
at org.openqa.selenium.remote.service.DriverCommandExecutor.execute(DriverCommandExecutor.java:83)
at org.openqa.selenium.remote.RemoteWebDriver.execute(RemoteWebDriver.java:552)
at org.openqa.selenium.remote.RemoteWebElement.execute(RemoteWebElement.java:285)
at org.openqa.selenium.remote.RemoteWebElement.click(RemoteWebElement.java:84)
at com.numeral16to19.pages.HomePage.goToMarketPlace(HomePage.java:30)
at com.numeral16to19.test.TestMarketPlace.confirmarCompraCorporate(TestMarketPlace.java:106)
at java.util.ArrayList.forEach(ArrayList.java:1257)
... Removed 31 stack frames]]>
    </failure>
  </testcase> <!-- confirmarCompraCorporate -->
  <testcase name="confirmarCompraClaim" time="5.58" classname="com.numeral16to19.test.TestMarketPlace"/>
  <testcase name="instalarIntegration" time="3.878" classname="com.numeral16to19.test.TestMarketPlace">
    <failure type="org.openqa.selenium.JavascriptException" message="javascript error: Unable to find owning document
  (Session info: chrome=88.0.4324.190)
Build info: version: &amp;apos;3.141.59&amp;apos;, revision: &amp;apos;e82be7d358&amp;apos;, time: &amp;apos;2018-11-14T08:17:03&amp;apos;
System info: host: &amp;apos;DESKTOP-2FB6SU0&amp;apos;, ip: &amp;apos;192.168.102.34&amp;apos;, os.name: &amp;apos;Windows 10&amp;apos;, os.arch: &amp;apos;amd64&amp;apos;, os.version: &amp;apos;10.0&amp;apos;, java.version: &amp;apos;1.8.0_181&amp;apos;
Driver info: org.openqa.selenium.chrome.ChromeDriver
Capabilities {acceptInsecureCerts: false, browserName: chrome, browserVersion: 88.0.4324.190, chrome: {chromedriverVersion: 88.0.4324.96 (68dba2d8a0b14..., userDataDir: C:\Users\maria\AppData\Loca...}, goog:chromeOptions: {debuggerAddress: localhost:59270}, javascriptEnabled: true, networkConnectionEnabled: false, pageLoadStrategy: normal, platform: WINDOWS, platformName: WINDOWS, proxy: Proxy(), setWindowRect: true, strictFileInteractability: false, timeouts: {implicit: 0, pageLoad: 300000, script: 30000}, unhandledPromptBehavior: dismiss and notify, webauthn:extension:largeBlob: true, webauthn:virtualAuthenticators: true}
Session ID: c063c964474e56a57eb03a8348da3aec">
      <![CDATA[org.openqa.selenium.JavascriptException: javascript error: Unable to find owning document
  (Session info: chrome=88.0.4324.190)
Build info: version: '3.141.59', revision: 'e82be7d358', time: '2018-11-14T08:17:03'
System info: host: 'DESKTOP-2FB6SU0', ip: '192.168.102.34', os.name: 'Windows 10', os.arch: 'amd64', os.version: '10.0', java.version: '1.8.0_181'
Driver info: org.openqa.selenium.chrome.ChromeDriver
Capabilities {acceptInsecureCerts: false, browserName: chrome, browserVersion: 88.0.4324.190, chrome: {chromedriverVersion: 88.0.4324.96 (68dba2d8a0b14..., userDataDir: C:\Users\maria\AppData\Loca...}, goog:chromeOptions: {debuggerAddress: localhost:59270}, javascriptEnabled: true, networkConnectionEnabled: false, pageLoadStrategy: normal, platform: WINDOWS, platformName: WINDOWS, proxy: Proxy(), setWindowRect: true, strictFileInteractability: false, timeouts: {implicit: 0, pageLoad: 300000, script: 30000}, unhandledPromptBehavior: dismiss and notify, webauthn:extension:largeBlob: true, webauthn:virtualAuthenticators: true}
Session ID: c063c964474e56a57eb03a8348da3aec
at org.openqa.selenium.remote.http.W3CHttpResponseCodec.createException(W3CHttpResponseCodec.java:187)
at org.openqa.selenium.remote.http.W3CHttpResponseCodec.decode(W3CHttpResponseCodec.java:122)
at org.openqa.selenium.remote.http.W3CHttpResponseCodec.decode(W3CHttpResponseCodec.java:49)
at org.openqa.selenium.remote.HttpCommandExecutor.execute(HttpCommandExecutor.java:158)
at org.openqa.selenium.remote.service.DriverCommandExecutor.execute(DriverCommandExecutor.java:83)
at org.openqa.selenium.remote.RemoteWebDriver.execute(RemoteWebDriver.java:552)
at org.openqa.selenium.remote.RemoteWebElement.execute(RemoteWebElement.java:285)
at org.openqa.selenium.remote.RemoteWebElement.submit(RemoteWebElement.java:88)
at com.numeral16to19.pages.MarketPlacePage.clickBtnInstallIntegration(MarketPlacePage.java:47)
at com.numeral16to19.test.TestMarketPlace.instalarIntegration(TestMarketPlace.java:95)
at java.util.ArrayList.forEach(ArrayList.java:1257)
... Removed 31 stack frames]]>
    </failure>
  </testcase> <!-- instalarIntegration -->
</testsuite> <!-- Test Framework -->
