<?xml version="1.0" encoding="UTF-8"?>
<!-- Generated by org.testng.reporters.JUnitXMLReporter -->
<testsuite ignored="0" hostname="igalarza" failures="2" tests="18" name="Test Framework" time="65.969" errors="0" timestamp="2021-03-22T22:55:07 BOT">
  <testcase classname="com.numeral16to19.test.TestForgotPassword" name="cambiarClave" time="3.929">
    <failure type="java.lang.AssertionError" message="expected [true] but found [false]">
      <![CDATA[java.lang.AssertionError: expected [true] but found [false]
at com.numeral16to19.test.TestForgotPassword.cambiarClave(TestForgotPassword.java:33)
at java.base/java.util.ArrayList.forEach(ArrayList.java:1511)
... Removed 40 stack frames]]>
    </failure>
  </testcase> <!-- cambiarClave -->
  <testcase classname="com.numeral16to19.test.TestForgotPassword" name="desistirCambioClave" time="1.633"/>
  <testcase classname="com.numeral16to19.test.TestHome" name="validarDashBoard" time="6.652"/>
  <testcase classname="com.numeral16to19.test.TestHome" name="accederMarketPlace" time="5.772"/>
  <testcase classname="com.numeral16to19.test.TestHome" name="irASuscribe" time="2.974"/>
  <testcase classname="com.numeral16to19.test.TestHome" name="irAHelp" time="1.728"/>
  <testcase classname="com.numeral16to19.test.TestHome" name="verNotificaciones" time="2.386"/>
  <testcase classname="com.numeral16to19.test.TestHome" name="verInformacionApp" time="4.545"/>
  <testcase classname="com.numeral16to19.test.TestHome" name="salirApp" time="3.663"/>
  <testcase classname="com.numeral16to19.test.TestMarketPlace" name="visitarMarketPlace" time="4.767"/>
  <testcase classname="com.numeral16to19.test.TestMarketPlace" name="verDetalleLdap" time="2.208"/>
  <testcase classname="com.numeral16to19.test.TestMarketPlace" name="verDetalleIntegration" time="2.176"/>
  <testcase classname="com.numeral16to19.test.TestMarketPlace" name="verDetalleCorporate" time="2.208"/>
  <testcase classname="com.numeral16to19.test.TestMarketPlace" name="verDetalleClaim" time="2.288"/>
  <testcase classname="com.numeral16to19.test.TestMarketPlace" name="confirmarCompraLdap" time="2.864"/>
  <testcase classname="com.numeral16to19.test.TestMarketPlace" name="instalarIntegration" time="1.12">
    <failure type="org.openqa.selenium.ElementClickInterceptedException" message="element click intercepted: Element &amp;lt;input id=&amp;quot;MP_link&amp;quot; type=&amp;quot;button&amp;quot; class=&amp;quot;button current&amp;quot; value=&amp;quot;Marketplace&amp;quot;&amp;gt; is not clickable at point (1506, 74). Other element would receive the click: &amp;lt;div id=&amp;quot;disable-screen&amp;quot; class=&amp;quot;overlay&amp;quot;&amp;gt;&amp;lt;/div&amp;gt;
  (Session info: chrome=89.0.4389.90)
Build info: version: &amp;apos;3.141.59&amp;apos;, revision: &amp;apos;e82be7d358&amp;apos;, time: &amp;apos;2018-11-14T08:17:03&amp;apos;
System info: host: &amp;apos;IGALARZA&amp;apos;, ip: &amp;apos;169.254.187.198&amp;apos;, os.name: &amp;apos;Windows 10&amp;apos;, os.arch: &amp;apos;amd64&amp;apos;, os.version: &amp;apos;10.0&amp;apos;, java.version: &amp;apos;15.0.1&amp;apos;
Driver info: org.openqa.selenium.chrome.ChromeDriver
Capabilities {acceptInsecureCerts: false, browserName: chrome, browserVersion: 89.0.4389.90, chrome: {chromedriverVersion: 88.0.4324.96 (68dba2d8a0b14..., userDataDir: C:\Users\igalarza\AppData\L...}, goog:chromeOptions: {debuggerAddress: localhost:60081}, javascriptEnabled: true, networkConnectionEnabled: false, pageLoadStrategy: normal, platform: WINDOWS, platformName: WINDOWS, proxy: Proxy(), setWindowRect: true, strictFileInteractability: false, timeouts: {implicit: 0, pageLoad: 300000, script: 30000}, unhandledPromptBehavior: dismiss and notify, webauthn:extension:largeBlob: true, webauthn:virtualAuthenticators: true}
Session ID: c9593ed5373573f30e08c9cddc69b7ba">
      <![CDATA[org.openqa.selenium.ElementClickInterceptedException: element click intercepted: Element <input id="MP_link" type="button" class="button current" value="Marketplace"> is not clickable at point (1506, 74). Other element would receive the click: <div id="disable-screen" class="overlay"></div>
  (Session info: chrome=89.0.4389.90)
Build info: version: '3.141.59', revision: 'e82be7d358', time: '2018-11-14T08:17:03'
System info: host: 'IGALARZA', ip: '169.254.187.198', os.name: 'Windows 10', os.arch: 'amd64', os.version: '10.0', java.version: '15.0.1'
Driver info: org.openqa.selenium.chrome.ChromeDriver
Capabilities {acceptInsecureCerts: false, browserName: chrome, browserVersion: 89.0.4389.90, chrome: {chromedriverVersion: 88.0.4324.96 (68dba2d8a0b14..., userDataDir: C:\Users\igalarza\AppData\L...}, goog:chromeOptions: {debuggerAddress: localhost:60081}, javascriptEnabled: true, networkConnectionEnabled: false, pageLoadStrategy: normal, platform: WINDOWS, platformName: WINDOWS, proxy: Proxy(), setWindowRect: true, strictFileInteractability: false, timeouts: {implicit: 0, pageLoad: 300000, script: 30000}, unhandledPromptBehavior: dismiss and notify, webauthn:extension:largeBlob: true, webauthn:virtualAuthenticators: true}
Session ID: c9593ed5373573f30e08c9cddc69b7ba
at org.openqa.selenium.remote.http.W3CHttpResponseCodec.createException(W3CHttpResponseCodec.java:187)
at org.openqa.selenium.remote.http.W3CHttpResponseCodec.decode(W3CHttpResponseCodec.java:122)
at org.openqa.selenium.remote.http.W3CHttpResponseCodec.decode(W3CHttpResponseCodec.java:49)
at org.openqa.selenium.remote.HttpCommandExecutor.execute(HttpCommandExecutor.java:158)
at org.openqa.selenium.remote.service.DriverCommandExecutor.execute(DriverCommandExecutor.java:83)
at org.openqa.selenium.remote.RemoteWebDriver.execute(RemoteWebDriver.java:552)
at org.openqa.selenium.remote.RemoteWebElement.execute(RemoteWebElement.java:285)
at org.openqa.selenium.remote.RemoteWebElement.click(RemoteWebElement.java:84)
at com.numeral16to19.pages.HomePage.goToMarketPlace(HomePage.java:30)
at com.numeral16to19.test.TestMarketPlace.instalarIntegration(TestMarketPlace.java:91)
at java.base/java.util.ArrayList.forEach(ArrayList.java:1511)
... Removed 41 stack frames]]>
    </failure>
  </testcase> <!-- instalarIntegration -->
  <testcase classname="com.numeral16to19.test.TestMarketPlace" name="confirmarCompraCorporate" time="7.588"/>
  <testcase classname="com.numeral16to19.test.TestMarketPlace" name="confirmarCompraClaim" time="7.378"/>
</testsuite> <!-- Test Framework -->
