<?xml version="1.0" encoding="UTF-8"?>
<testsuite name="TestSuite" time="211.175" tests="21" errors="0" skipped="0" failures="2">
  <properties>
    <property name="java.runtime.name" value="OpenJDK Runtime Environment"/>
    <property name="java.vm.version" value="15.0.1+9-18"/>
    <property name="sun.boot.library.path" value="C:\Users\igalarza\.p2\pool\plugins\org.eclipse.justj.openjdk.hotspot.jre.full.win32.x86_64_15.0.1.v20201027-0507\jre\bin"/>
    <property name="user.country.format" value="419"/>
    <property name="maven.multiModuleProjectDirectory" value="C:\sdet_2021\MVINCES\SDET_CERTIFICATION_PART_2"/>
    <property name="java.vm.vendor" value="Oracle Corporation"/>
    <property name="java.vendor.url" value="https://java.oracle.com/"/>
    <property name="guice.disable.misplaced.annotation.check" value="true"/>
    <property name="path.separator" value=";"/>
    <property name="java.vm.name" value="OpenJDK 64-Bit Server VM"/>
    <property name="sun.os.patch.level" value=""/>
    <property name="user.script" value=""/>
    <property name="user.country" value="US"/>
    <property name="sun.java.launcher" value="SUN_STANDARD"/>
    <property name="java.vm.specification.name" value="Java Virtual Machine Specification"/>
    <property name="user.dir" value="C:\sdet_2021\MVINCES\SDET_CERTIFICATION_PART_2"/>
    <property name="java.vm.compressedOopsMode" value="Zero based"/>
    <property name="java.runtime.version" value="15.0.1+9-18"/>
    <property name="os.arch" value="amd64"/>
    <property name="java.io.tmpdir" value="C:\Users\igalarza\AppData\Local\Temp\"/>
    <property name="line.separator" value="&#10;"/>
    <property name="java.vm.specification.vendor" value="Oracle Corporation"/>
    <property name="user.variant" value=""/>
    <property name="os.name" value="Windows 10"/>
    <property name="classworlds.conf" value="C:\sdet_2021\MVINCES\.metadata\.plugins\org.eclipse.m2e.launching\launches\m2conf8162938817444124021.tmp"/>
    <property name="sun.jnu.encoding" value="Cp1252"/>
    <property name="java.library.path" value="C:\Users\igalarza\.p2\pool\plugins\org.eclipse.justj.openjdk.hotspot.jre.full.win32.x86_64_15.0.1.v20201027-0507\jre\bin;C:\WINDOWS\Sun\Java\bin;C:\WINDOWS\system32;C:\WINDOWS;C:/Users/igalarza/.p2/pool/plugins/org.eclipse.justj.openjdk.hotspot.jre.full.win32.x86_64_15.0.1.v20201027-0507/jre/bin/server;C:/Users/igalarza/.p2/pool/plugins/org.eclipse.justj.openjdk.hotspot.jre.full.win32.x86_64_15.0.1.v20201027-0507/jre/bin;C:\Python27\;C:\Python27\Scripts;C:\Program Files (x86)\Common Files\Oracle\Java\javapath;C:\Program Files\ibm\gsk8\lib64;C:\Program Files\ibm\gsk8\bin;C:\Program Files\IBM Informix Client SDK\bin;C:\Program Files\DevelopmentSuite\cdk\bin;C:\Program Files\DevelopmentSuite\virtualbox\;C:\Program Files\DevelopmentSuite\cygwin\bin;C:\Program Files\DevelopmentSuite\kompose;C:\Program Files\DevelopmentSuite\rhamt\bin;C:\WINDOWS\system32;C:\WINDOWS;C:\WINDOWS\System32\Wbem;C:\WINDOWS\System32\WindowsPowerShell\v1.0\;C:\WINDOWS\System32\OpenSSH\;C:\Program Files (x86)\NVIDIA Corporation\PhysX\Common;C:\Program Files\PuTTY\;C:\Program Files\Git\cmd;C:\Gradle\gradle-4.10.2\bin;C:\apache-maven-3.5.4\bin;C:\src\Dart\dart-sdk\bin;C:\Program Files\Microsoft SQL Server\120\Tools\Binn\;C:\WINDOWS\system32;C:\WINDOWS;C:\WINDOWS\System32\Wbem;C:\WINDOWS\System32\WindowsPowerShell\v1.0\;C:\WINDOWS\System32\OpenSSH\;C:\PostgreSQL\pg94\bin;C:\Program Files (x86)\Git\cmd;C:\flutter_windows_v1.2.1-stable\bin;C:\apache-maven-3.5.4\;C:\Program Files\Microsoft SQL Server\Client SDK\ODBC\170\Tools\Binn\;C:\Program Files (x86)\Microsoft SQL Server\150\DTS\Binn\;C:\Program Files\Azure Data Studio\bin;C:\Program Files\Docker\Docker\resources\bin;C:\ProgramData\DockerDesktop\version-bin;C:\Users\igalarza\.minishift\cache\oc\v3.9.14\windows;C:\Users\igalarza\AppData\Local\Microsoft\WindowsApps;C:\Gradle\gradle-4.10.2\bin;C:\apache-maven-3.5.4\bin;C:\Users\igalarza\AppData\Local\Programs\Microsoft VS Code\bin;C:\Users\igalarza\AppData\Local\Microsoft\WindowsApps;C:\flutter_windows_v1.2.1-stable\bin;C:\apache-maven-3.5.4\bin;C:\Users\igalarza\AppData\Roaming\Composer\vendor\bin;C:\Program Files\Java\jre1.8.0_181\bin;C:\Users\igalarza\AppData\Roaming\npm;C:\Users\igalarza\AppData\Local\spark\spark-2.3.1-bin-hadoop2.7\bin;C:\Program Files\Java\jdk1.8.0_181\bin;C:\Program Files\Docker\Docker\resources\bin;;C:\Program Files\Azure Data Studio\bin;C:\WINDOWS\system32;;."/>
    <property name="jdk.debug" value="release"/>
    <property name="java.class.version" value="59.0"/>
    <property name="java.specification.name" value="Java Platform API Specification"/>
    <property name="sun.management.compiler" value="HotSpot 64-Bit Tiered Compilers"/>
    <property name="os.version" value="10.0"/>
    <property name="user.home" value="C:\Users\igalarza"/>
    <property name="user.timezone" value="America/La_Paz"/>
    <property name="file.encoding" value="Cp1252"/>
    <property name="java.specification.version" value="15"/>
    <property name="user.name" value="igalarza"/>
    <property name="java.class.path" value="C:\Users\igalarza\.p2\pool\plugins\org.eclipse.m2e.maven.runtime_1.16.0.20200610-1735\jars\plexus-classworlds-2.6.0.jar"/>
    <property name="java.vm.specification.version" value="15"/>
    <property name="sun.arch.data.model" value="64"/>
    <property name="sun.java.command" value="org.codehaus.plexus.classworlds.launcher.Launcher -B package"/>
    <property name="java.home" value="C:\Users\igalarza\.p2\pool\plugins\org.eclipse.justj.openjdk.hotspot.jre.full.win32.x86_64_15.0.1.v20201027-0507\jre"/>
    <property name="user.language" value="en"/>
    <property name="java.specification.vendor" value="Oracle Corporation"/>
    <property name="user.language.format" value="es"/>
    <property name="java.vm.info" value="mixed mode"/>
    <property name="java.version" value="15.0.1"/>
    <property name="java.vendor" value="Oracle Corporation"/>
    <property name="maven.home" value="C:\sdet_2021\MVINCES\SDET_CERTIFICATION_PART_2\EMBEDDED"/>
    <property name="file.separator" value="\"/>
    <property name="java.version.date" value="2020-10-20"/>
    <property name="java.vendor.url.bug" value="https://bugreport.java.com/bugreport/"/>
    <property name="sun.io.unicode.encoding" value="UnicodeLittle"/>
    <property name="sun.cpu.endian" value="little"/>
    <property name="sun.cpu.isalist" value="amd64"/>
  </properties>
  <testcase name="cambiarClave" classname="com.numeral16to19.test.TestForgotPassword" time="3.936">
    <failure message="expected [true] but found [false]" type="java.lang.AssertionError">java.lang.AssertionError: expected [true] but found [false]
	at org.testng.Assert.fail(Assert.java:99)
	at org.testng.Assert.failNotEquals(Assert.java:1037)
	at org.testng.Assert.assertTrue(Assert.java:45)
	at org.testng.Assert.assertTrue(Assert.java:55)
	at com.numeral16to19.test.TestForgotPassword.cambiarClave(TestForgotPassword.java:33)
</failure>
    <system-err>Starting ChromeDriver 88.0.4324.96 (68dba2d8a0b149a1d3afac56fa74648032bcf46b-refs/branch-heads/4324@{#1784}) on port 21361
Only local connections are allowed.
Please see https://chromedriver.chromium.org/security-considerations for suggestions on keeping ChromeDriver safe.
ChromeDriver was started successfully.
[1616468035.337][WARNING]: This version of ChromeDriver has not been tested with Chrome version 89.
mar. 22, 2021 10:53:55 P.M. org.openqa.selenium.remote.ProtocolHandshake createSession
INFO: Detected dialect: W3C
</system-err>
  </testcase>
  <testcase name="desistirCambioClave" classname="com.numeral16to19.test.TestForgotPassword" time="1.633"/>
  <testcase name="validarDashBoard" classname="com.numeral16to19.test.TestHome" time="6.651"/>
  <testcase name="accederMarketPlace" classname="com.numeral16to19.test.TestHome" time="5.773"/>
  <testcase name="irASuscribe" classname="com.numeral16to19.test.TestHome" time="2.974"/>
  <testcase name="irAHelp" classname="com.numeral16to19.test.TestHome" time="1.729"/>
  <testcase name="verNotificaciones" classname="com.numeral16to19.test.TestHome" time="2.386"/>
  <testcase name="verInformacionApp" classname="com.numeral16to19.test.TestHome" time="4.546"/>
  <testcase name="salirApp" classname="com.numeral16to19.test.TestHome" time="3.663"/>
  <testcase name="visitarMarketPlace" classname="com.numeral16to19.test.TestMarketPlace" time="4.768"/>
  <testcase name="verDetalleLdap" classname="com.numeral16to19.test.TestMarketPlace" time="2.209"/>
  <testcase name="verDetalleIntegration" classname="com.numeral16to19.test.TestMarketPlace" time="2.175"/>
  <testcase name="verDetalleCorporate" classname="com.numeral16to19.test.TestMarketPlace" time="2.209"/>
  <testcase name="verDetalleClaim" classname="com.numeral16to19.test.TestMarketPlace" time="2.287"/>
  <testcase name="confirmarCompraLdap" classname="com.numeral16to19.test.TestMarketPlace" time="2.863"/>
  <testcase name="instalarIntegration" classname="com.numeral16to19.test.TestMarketPlace" time="1.141">
    <failure message="element click intercepted: Element &lt;input id=&quot;MP_link&quot; type=&quot;button&quot; class=&quot;button current&quot; value=&quot;Marketplace&quot;&gt; is not clickable at point (1506, 74). Other element would receive the click: &lt;div id=&quot;disable-screen&quot; class=&quot;overlay&quot;&gt;&lt;/div&gt;&#10;  (Session info: chrome=89.0.4389.90)&#10;Build info: version: &apos;3.141.59&apos;, revision: &apos;e82be7d358&apos;, time: &apos;2018-11-14T08:17:03&apos;&#10;System info: host: &apos;IGALARZA&apos;, ip: &apos;169.254.187.198&apos;, os.name: &apos;Windows 10&apos;, os.arch: &apos;amd64&apos;, os.version: &apos;10.0&apos;, java.version: &apos;15.0.1&apos;&#10;Driver info: org.openqa.selenium.chrome.ChromeDriver&#10;Capabilities {acceptInsecureCerts: false, browserName: chrome, browserVersion: 89.0.4389.90, chrome: {chromedriverVersion: 88.0.4324.96 (68dba2d8a0b14..., userDataDir: C:\Users\igalarza\AppData\L...}, goog:chromeOptions: {debuggerAddress: localhost:60081}, javascriptEnabled: true, networkConnectionEnabled: false, pageLoadStrategy: normal, platform: WINDOWS, platformName: WINDOWS, proxy: Proxy(), setWindowRect: true, strictFileInteractability: false, timeouts: {implicit: 0, pageLoad: 300000, script: 30000}, unhandledPromptBehavior: dismiss and notify, webauthn:extension:largeBlob: true, webauthn:virtualAuthenticators: true}&#10;Session ID: c9593ed5373573f30e08c9cddc69b7ba" type="org.openqa.selenium.ElementClickInterceptedException"><![CDATA[org.openqa.selenium.ElementClickInterceptedException: element click intercepted: Element <input id="MP_link" type="button" class="button current" value="Marketplace"> is not clickable at point (1506, 74). Other element would receive the click: <div id="disable-screen" class="overlay"></div>
  (Session info: chrome=89.0.4389.90)
Build info: version: '3.141.59', revision: 'e82be7d358', time: '2018-11-14T08:17:03'
System info: host: 'IGALARZA', ip: '169.254.187.198', os.name: 'Windows 10', os.arch: 'amd64', os.version: '10.0', java.version: '15.0.1'
Driver info: org.openqa.selenium.chrome.ChromeDriver
Capabilities {acceptInsecureCerts: false, browserName: chrome, browserVersion: 89.0.4389.90, chrome: {chromedriverVersion: 88.0.4324.96 (68dba2d8a0b14..., userDataDir: C:\Users\igalarza\AppData\L...}, goog:chromeOptions: {debuggerAddress: localhost:60081}, javascriptEnabled: true, networkConnectionEnabled: false, pageLoadStrategy: normal, platform: WINDOWS, platformName: WINDOWS, proxy: Proxy(), setWindowRect: true, strictFileInteractability: false, timeouts: {implicit: 0, pageLoad: 300000, script: 30000}, unhandledPromptBehavior: dismiss and notify, webauthn:extension:largeBlob: true, webauthn:virtualAuthenticators: true}
Session ID: c9593ed5373573f30e08c9cddc69b7ba
	at java.base/jdk.internal.reflect.NativeConstructorAccessorImpl.newInstance0(Native Method)
	at java.base/jdk.internal.reflect.NativeConstructorAccessorImpl.newInstance(NativeConstructorAccessorImpl.java:64)
	at java.base/jdk.internal.reflect.DelegatingConstructorAccessorImpl.newInstance(DelegatingConstructorAccessorImpl.java:45)
	at java.base/java.lang.reflect.Constructor.newInstanceWithCaller(Constructor.java:500)
	at java.base/java.lang.reflect.Constructor.newInstance(Constructor.java:481)
	at org.openqa.selenium.remote.http.W3CHttpResponseCodec.createException(W3CHttpResponseCodec.java:187)
	at org.openqa.selenium.remote.http.W3CHttpResponseCodec.decode(W3CHttpResponseCodec.java:122)
	at org.openqa.selenium.remote.http.W3CHttpResponseCodec.decode(W3CHttpResponseCodec.java:49)
	at org.openqa.selenium.remote.HttpCommandExecutor.execute(HttpCommandExecutor.java:158)
	at org.openqa.selenium.remote.service.DriverCommandExecutor.execute(DriverCommandExecutor.java:83)
	at org.openqa.selenium.remote.RemoteWebDriver.execute(RemoteWebDriver.java:552)
	at org.openqa.selenium.remote.RemoteWebElement.execute(RemoteWebElement.java:285)
	at org.openqa.selenium.remote.RemoteWebElement.click(RemoteWebElement.java:84)
	at com.numeral16to19.pages.HomePage.goToMarketPlace(HomePage.java:30)
	at com.numeral16to19.test.TestMarketPlace.instalarIntegration(TestMarketPlace.java:91)
]]></failure>
  </testcase>
  <testcase name="confirmarCompraCorporate" classname="com.numeral16to19.test.TestMarketPlace" time="7.589"/>
  <testcase name="confirmarCompraClaim" classname="com.numeral16to19.test.TestMarketPlace" time="7.378"/>
  <testcase name="feature" classname="Runner.TestRunner21" time="19.254"/>
  <testcase name="feature" classname="Runner.TestRunner22" time="20.472"/>
  <testcase name="feature" classname="Runner.TestRunner23" time="105.539"/>
</testsuite>